0 info it worked if it ends with ok
1 verbose cli [ '/usr/local/Cellar/node/6.7.0/bin/node',
1 verbose cli   '/usr/local/bin/npm',
1 verbose cli   'run',
1 verbose cli   'vscode:prepublish' ]
2 info using npm@4.0.5
3 info using node@v6.7.0
4 verbose run-script [ 'prevscode:prepublish',
4 verbose run-script   'vscode:prepublish',
4 verbose run-script   'postvscode:prepublish' ]
5 info lifecycle lit-it@1.2.10~prevscode:prepublish: lit-it@1.2.10
6 silly lifecycle lit-it@1.2.10~prevscode:prepublish: no script for prevscode:prepublish, continuing
7 info lifecycle lit-it@1.2.10~vscode:prepublish: lit-it@1.2.10
8 verbose lifecycle lit-it@1.2.10~vscode:prepublish: unsafe-perm in lifecycle true
9 verbose lifecycle lit-it@1.2.10~vscode:prepublish: PATH: /usr/local/lib/node_modules/npm/bin/node-gyp-bin:/Users/mohseenmukaddam/Projects/lit-it/node_modules/.bin:/Users/mohseenmukaddam/anaconda/bin:/usr/bin:/bin:/usr/sbin:/sbin:/usr/local/bin:/opt/X11/bin
10 verbose lifecycle lit-it@1.2.10~vscode:prepublish: CWD: /Users/mohseenmukaddam/Projects/lit-it
11 silly lifecycle lit-it@1.2.10~vscode:prepublish: Args: [ '-c', 'node ./node_modules/vscode/bin/compile' ]
12 silly lifecycle lit-it@1.2.10~vscode:prepublish: Returned: code: 1  signal: null
13 info lifecycle lit-it@1.2.10~vscode:prepublish: Failed to exec vscode:prepublish script
14 verbose stack Error: lit-it@1.2.10 vscode:prepublish: `node ./node_modules/vscode/bin/compile`
14 verbose stack Exit status 1
14 verbose stack     at EventEmitter.<anonymous> (/usr/local/lib/node_modules/npm/lib/utils/lifecycle.js:279:16)
14 verbose stack     at emitTwo (events.js:106:13)
14 verbose stack     at EventEmitter.emit (events.js:191:7)
14 verbose stack     at ChildProcess.<anonymous> (/usr/local/lib/node_modules/npm/lib/utils/spawn.js:40:14)
14 verbose stack     at emitTwo (events.js:106:13)
14 verbose stack     at ChildProcess.emit (events.js:191:7)
14 verbose stack     at maybeClose (internal/child_process.js:877:16)
14 verbose stack     at Process.ChildProcess._handle.onexit (internal/child_process.js:226:5)
15 verbose pkgid lit-it@1.2.10
16 verbose cwd /Users/mohseenmukaddam/Projects/lit-it
17 error Darwin 16.3.0
18 error argv "/usr/local/Cellar/node/6.7.0/bin/node" "/usr/local/bin/npm" "run" "vscode:prepublish"
19 error node v6.7.0
20 error npm  v4.0.5
21 error code ELIFECYCLE
22 error lit-it@1.2.10 vscode:prepublish: `node ./node_modules/vscode/bin/compile`
22 error Exit status 1
23 error Failed at the lit-it@1.2.10 vscode:prepublish script 'node ./node_modules/vscode/bin/compile'.
23 error Make sure you have the latest version of node.js and npm installed.
23 error If you do, this is most likely a problem with the lit-it package,
23 error not with npm itself.
23 error Tell the author that this fails on your system:
23 error     node ./node_modules/vscode/bin/compile
23 error You can get information on how to open an issue for this project with:
23 error     npm bugs lit-it
23 error Or if that isn't available, you can get their info via:
23 error     npm owner ls lit-it
23 error There is likely additional logging output above.
24 verbose exit [ 1, true ]
